2022-05-26 07:12:12,509 INFO com.hosting.rest.api.BookingSystemApiRestApplicationTests [main] Starting BookingSystemApiRestApplicationTests using Java 17.0.1 on Francisco-Coya with PID 27668 (started by KIKO in D:\PROYECTO DAW\rest_api\booking-app-restApi\api)
2022-05-26 07:12:12,515 INFO com.hosting.rest.api.BookingSystemApiRestApplicationTests [main] No active profile set, falling back to 1 default profile: "default"
2022-05-26 07:12:14,726 INFO org.springframework.data.repository.config.RepositoryConfigurationDelegate [main] Bootstrapping Spring Data JPA repositories in DEFAULT mode.
2022-05-26 07:12:14,987 INFO org.springframework.data.repository.config.RepositoryConfigurationDelegate [main] Finished Spring Data repository scanning in 250 ms. Found 25 JPA repository interfaces.
2022-05-26 07:12:15,798 INFO org.hibernate.jpa.internal.util.LogHelper [main] HHH000204: Processing PersistenceUnitInfo [name: default]
2022-05-26 07:12:15,897 INFO org.hibernate.Version [main] HHH000412: Hibernate ORM core version 5.6.7.Final
2022-05-26 07:12:16,333 INFO org.hibernate.annotations.common.Version [main] HCANN000001: Hibernate Commons Annotations {5.1.2.Final}
2022-05-26 07:12:16,615 WARN com.zaxxer.hikari.HikariConfig [main] HikariPool-1 - maxLifetime is less than 30000ms, setting to default 1800000ms.
2022-05-26 07:12:16,616 WARN com.zaxxer.hikari.HikariConfig [main] HikariPool-1 - idleTimeout has been set but has no effect because the pool is operating as a fixed size pool.
2022-05-26 07:12:16,616 INFO com.zaxxer.hikari.HikariDataSource [main] HikariPool-1 - Starting...
2022-05-26 07:12:17,626 INFO com.zaxxer.hikari.HikariDataSource [main] HikariPool-1 - Start completed.
2022-05-26 07:12:17,642 INFO org.hibernate.dialect.Dialect [main] HHH000400: Using dialect: org.hibernate.dialect.MySQL5InnoDBDialect
2022-05-26 07:12:18,870 INFO org.hibernate.engine.transaction.jta.platform.internal.JtaPlatformInitiator [main] HHH000490: Using JtaPlatform implementation: [org.hibernate.engine.transaction.jta.platform.internal.NoJtaPlatform]
2022-05-26 07:12:18,878 INFO org.springframework.orm.jpa.LocalContainerEntityManagerFactoryBean [main] Initialized JPA EntityManagerFactory for persistence unit 'default'
2022-05-26 07:12:19,137 WARN org.springframework.boot.autoconfigure.orm.jpa.JpaBaseConfiguration$JpaWebConfiguration [main] spring.jpa.open-in-view is enabled by default. Therefore, database queries may be performed during view rendering. Explicitly configure spring.jpa.open-in-view to disable this warning
2022-05-26 07:12:20,969 INFO org.springframework.security.web.access.channel.ChannelProcessingFilter [main] Validated configuration attributes
2022-05-26 07:12:21,941 INFO org.springframework.security.web.DefaultSecurityFilterChain [main] Will not secure any request
2022-05-26 07:12:22,635 INFO com.hosting.rest.api.BookingSystemApiRestApplicationTests [main] Started BookingSystemApiRestApplicationTests in 10.602 seconds (JVM running for 11.805)
2022-05-26 07:12:22,912 INFO org.springframework.orm.jpa.LocalContainerEntityManagerFactoryBean [SpringApplicationShutdownHook] Closing JPA EntityManagerFactory for persistence unit 'default'
2022-05-26 07:12:22,915 INFO com.zaxxer.hikari.HikariDataSource [SpringApplicationShutdownHook] HikariPool-1 - Shutdown initiated...
2022-05-26 07:12:22,924 INFO com.zaxxer.hikari.HikariDataSource [SpringApplicationShutdownHook] HikariPool-1 - Shutdown completed.
